D:\用户目录\我的文档\VISUAL STUDIO 2010\PROJECTS\CENTERSTAR\CENTERSTAR\DEBUG\CENTERSTAR.EXE.EMBED.MANIFEST
D:\用户目录\我的文档\VISUAL STUDIO 2010\PROJECTS\CENTERSTAR\CENTERSTAR\DEBUG\CENTERSTAR.EXE.EMBED.MANIFEST.RES
D:\用户目录\我的文档\VISUAL STUDIO 2010\PROJECTS\CENTERSTAR\CENTERSTAR\DEBUG\CENTERSTAR.EXE.INTERMEDIATE.MANIFEST
D:\用户目录\我的文档\VISUAL STUDIO 2010\PROJECTS\CENTERSTAR\CENTERSTAR\DEBUG\CENTERSTAR.OBJ
D:\用户目录\我的文档\VISUAL STUDIO 2010\PROJECTS\CENTERSTAR\CENTERSTAR\DEBUG\CENTERSTAR.PCH
D:\用户目录\我的文档\VISUAL STUDIO 2010\PROJECTS\CENTERSTAR\CENTERSTAR\DEBUG\CENTERSTAR.RES
d:\用户目录\我的文档\visual studio 2010\Projects\CenterStar\CenterStar\Debug\CenterStar.write.1.tlog
d:\用户目录\我的文档\visual studio 2010\Projects\CenterStar\CenterStar\Debug\CenterStar_manifest.rc
D:\用户目录\我的文档\VISUAL STUDIO 2010\PROJECTS\CENTERSTAR\CENTERSTAR\DEBUG\CENTERSTARDLG.OBJ
d:\用户目录\我的文档\visual studio 2010\Projects\CenterStar\CenterStar\Debug\cl.command.1.tlog
d:\用户目录\我的文档\visual studio 2010\Projects\CenterStar\CenterStar\Debug\CL.read.1.tlog
d:\用户目录\我的文档\visual studio 2010\Projects\CenterStar\CenterStar\Debug\CL.write.1.tlog
D:\用户目录\我的文档\VISUAL STUDIO 2010\PROJECTS\CENTERSTAR\CENTERSTAR\DEBUG\CUSTOMER.OBJ
D:\用户目录\我的文档\VISUAL STUDIO 2010\PROJECTS\CENTERSTAR\CENTERSTAR\DEBUG\DATABASE.OBJ
D:\用户目录\我的文档\VISUAL STUDIO 2010\PROJECTS\CENTERSTAR\CENTERSTAR\DEBUG\DLEDIT.OBJ
D:\用户目录\我的文档\VISUAL STUDIO 2010\PROJECTS\CENTERSTAR\CENTERSTAR\DEBUG\HISTORY.OBJ
D:\用户目录\我的文档\VISUAL STUDIO 2010\PROJECTS\CENTERSTAR\CENTERSTAR\DEBUG\INVENTORY.OBJ
d:\用户目录\我的文档\visual studio 2010\Projects\CenterStar\CenterStar\Debug\link.command.1.tlog
d:\用户目录\我的文档\visual studio 2010\Projects\CenterStar\CenterStar\Debug\link.read.1.tlog
d:\用户目录\我的文档\visual studio 2010\Projects\CenterStar\CenterStar\Debug\link.write.1.tlog
d:\用户目录\我的文档\visual studio 2010\Projects\CenterStar\CenterStar\Debug\link-cvtres.read.1.tlog
d:\用户目录\我的文档\visual studio 2010\Projects\CenterStar\CenterStar\Debug\link-cvtres.write.1.tlog
D:\用户目录\我的文档\VISUAL STUDIO 2010\PROJECTS\CENTERSTAR\CENTERSTAR\DEBUG\M_C_ADD.OBJ
D:\用户目录\我的文档\VISUAL STUDIO 2010\PROJECTS\CENTERSTAR\CENTERSTAR\DEBUG\M_C_DETAIL.OBJ
D:\用户目录\我的文档\VISUAL STUDIO 2010\PROJECTS\CENTERSTAR\CENTERSTAR\DEBUG\M_I_DETAIL.OBJ
D:\用户目录\我的文档\VISUAL STUDIO 2010\PROJECTS\CENTERSTAR\CENTERSTAR\DEBUG\M_I_HISTORY.OBJ
D:\用户目录\我的文档\VISUAL STUDIO 2010\PROJECTS\CENTERSTAR\CENTERSTAR\DEBUG\M_I_IO.OBJ
D:\用户目录\我的文档\VISUAL STUDIO 2010\PROJECTS\CENTERSTAR\CENTERSTAR\DEBUG\M_O_ADD.OBJ
D:\用户目录\我的文档\VISUAL STUDIO 2010\PROJECTS\CENTERSTAR\CENTERSTAR\DEBUG\M_O_DETAIL.OBJ
D:\用户目录\我的文档\VISUAL STUDIO 2010\PROJECTS\CENTERSTAR\CENTERSTAR\DEBUG\M_P_ADD.OBJ
D:\用户目录\我的文档\VISUAL STUDIO 2010\PROJECTS\CENTERSTAR\CENTERSTAR\DEBUG\M_P_DETAIL.OBJ
d:\用户目录\我的文档\visual studio 2010\Projects\CenterStar\CenterStar\Debug\mt.command.1.tlog
d:\用户目录\我的文档\visual studio 2010\Projects\CenterStar\CenterStar\Debug\mt.read.1.tlog
d:\用户目录\我的文档\visual studio 2010\Projects\CenterStar\CenterStar\Debug\mt.write.1.tlog
D:\用户目录\我的文档\VISUAL STUDIO 2010\PROJECTS\CENTERSTAR\CENTERSTAR\DEBUG\MYLISTCTRL.OBJ
D:\用户目录\我的文档\VISUAL STUDIO 2010\PROJECTS\CENTERSTAR\CENTERSTAR\DEBUG\ORDER.OBJ
D:\用户目录\我的文档\VISUAL STUDIO 2010\PROJECTS\CENTERSTAR\CENTERSTAR\DEBUG\PRODUCT.OBJ
d:\用户目录\我的文档\visual studio 2010\Projects\CenterStar\CenterStar\Debug\rc.command.1.tlog
d:\用户目录\我的文档\visual studio 2010\Projects\CenterStar\CenterStar\Debug\rc.read.1.tlog
d:\用户目录\我的文档\visual studio 2010\Projects\CenterStar\CenterStar\Debug\rc.write.1.tlog
D:\用户目录\我的文档\VISUAL STUDIO 2010\PROJECTS\CENTERSTAR\CENTERSTAR\DEBUG\SKINHEADERCTRL.OBJ
D:\用户目录\我的文档\VISUAL STUDIO 2010\PROJECTS\CENTERSTAR\CENTERSTAR\DEBUG\STDAFX.OBJ
d:\用户目录\我的文档\visual studio 2010\Projects\CenterStar\CenterStar\Debug\vc100.idb
D:\用户目录\我的文档\VISUAL STUDIO 2010\PROJECTS\CENTERSTAR\CENTERSTAR\DEBUG\VC100.PDB
D:\用户目录\我的文档\VISUAL STUDIO 2010\PROJECTS\CENTERSTAR\DEBUG\CENTERSTAR.EXE
D:\用户目录\我的文档\VISUAL STUDIO 2010\PROJECTS\CENTERSTAR\DEBUG\CENTERSTAR.ILK
D:\用户目录\我的文档\VISUAL STUDIO 2010\PROJECTS\CENTERSTAR\DEBUG\CENTERSTAR.PDB
