生成启动时间为 2017/5/31 19:45:16。
     1>项目“d:\用户目录\我的文档\visual studio 2010\Projects\CenterStar\CenterStar\CenterStar.vcxproj”在节点 2 上(rebuild 个目标)。
     1>_PrepareForClean:
         正在删除文件“Debug\CenterStar.lastbuildstate”。
       InitializeBuildStatus:
         正在创建“Debug\CenterStar.unsuccessfulbuild”，因为已指定“AlwaysCreate”。
       ClCompile:
         C:\Program Files (x86)\Microsoft Visual Studio 10.0\VC\bin\CL.exe /c /I"C:\Program Files (x86)\MySQL\MySQL Server 5.5\include" /ZI /nologo /W3 /WX- /Od /Oy- /D WIN32 /D _WINDOWS /D _DEBUG /Gm /EHsc /RTC1 /MTd /GS /fp:precise /Zc:wchar_t /Zc:forScope /Yc"StdAfx.h" /Fp"Debug\CenterStar.pch" /Fo"Debug\\" /Fd"Debug\vc100.pdb" /Gd /TP /analyze- /errorReport:prompt stdafx.cpp
         stdafx.cpp
         C:\Program Files (x86)\Microsoft Visual Studio 10.0\VC\bin\CL.exe /c /I"C:\Program Files (x86)\MySQL\MySQL Server 5.5\include" /ZI /nologo /W3 /WX- /Od /Oy- /D WIN32 /D _WINDOWS /D _DEBUG /Gm /EHsc /RTC1 /MTd /GS /fp:precise /Zc:wchar_t /Zc:forScope /Yu"StdAfx.h" /Fp"Debug\CenterStar.pch" /Fo"Debug\\" /Fd"Debug\vc100.pdb" /Gd /TP /analyze- /errorReport:prompt CenterStar.cpp CenterStarDlg.cpp Customer.cpp Database.cpp DLEdit.cpp history.cpp Inventory.cpp MyListCtrl.cpp M_C_add.cpp M_C_detail.cpp M_I_detail.cpp M_I_history.cpp M_I_io.cpp M_O_add.cpp M_O_detail.cpp M_P_add.cpp M_P_detail.cpp Order.cpp Product.cpp SkinHeaderCtrl.cpp
         SkinHeaderCtrl.cpp
     1>d:\用户目录\我的文档\visual studio 2010\projects\centerstar\centerstar\skinheaderctrl.cpp(16): warning C4244: “=”: 从“double”转换到“int”，可能丢失数据
         Product.cpp
         Order.cpp
         M_P_detail.cpp
         M_P_add.cpp
     1>d:\用户目录\我的文档\visual studio 2010\projects\centerstar\centerstar\m_p_add.cpp(144): warning C4244: “参数”: 从“double”转换到“int”，可能丢失数据
     1>d:\用户目录\我的文档\visual studio 2010\projects\centerstar\centerstar\m_p_add.cpp(145): warning C4244: “参数”: 从“double”转换到“int”，可能丢失数据
     1>d:\用户目录\我的文档\visual studio 2010\projects\centerstar\centerstar\m_p_add.cpp(145): warning C4244: “参数”: 从“double”转换到“int”，可能丢失数据
     1>d:\用户目录\我的文档\visual studio 2010\projects\centerstar\centerstar\m_p_add.cpp(154): warning C4244: “参数”: 从“double”转换到“int”，可能丢失数据
     1>d:\用户目录\我的文档\visual studio 2010\projects\centerstar\centerstar\m_p_add.cpp(155): warning C4244: “参数”: 从“double”转换到“int”，可能丢失数据
     1>d:\用户目录\我的文档\visual studio 2010\projects\centerstar\centerstar\m_p_add.cpp(155): warning C4244: “参数”: 从“double”转换到“int”，可能丢失数据
     1>d:\用户目录\我的文档\visual studio 2010\projects\centerstar\centerstar\m_p_add.cpp(158): warning C4244: “参数”: 从“double”转换到“int”，可能丢失数据
     1>d:\用户目录\我的文档\visual studio 2010\projects\centerstar\centerstar\m_p_add.cpp(158): warning C4244: “参数”: 从“double”转换到“int”，可能丢失数据
     1>d:\用户目录\我的文档\visual studio 2010\projects\centerstar\centerstar\m_p_add.cpp(158): warning C4244: “参数”: 从“double”转换到“int”，可能丢失数据
     1>d:\用户目录\我的文档\visual studio 2010\projects\centerstar\centerstar\m_p_add.cpp(158): warning C4244: “参数”: 从“double”转换到“int”，可能丢失数据
     1>d:\用户目录\我的文档\visual studio 2010\projects\centerstar\centerstar\m_p_add.cpp(189): warning C4244: “参数”: 从“double”转换到“int”，可能丢失数据
     1>d:\用户目录\我的文档\visual studio 2010\projects\centerstar\centerstar\m_p_add.cpp(189): warning C4244: “参数”: 从“double”转换到“int”，可能丢失数据
     1>d:\用户目录\我的文档\visual studio 2010\projects\centerstar\centerstar\m_p_add.cpp(189): warning C4244: “参数”: 从“double”转换到“int”，可能丢失数据
     1>d:\用户目录\我的文档\visual studio 2010\projects\centerstar\centerstar\m_p_add.cpp(189): warning C4244: “参数”: 从“double”转换到“int”，可能丢失数据
     1>d:\用户目录\我的文档\visual studio 2010\projects\centerstar\centerstar\m_p_add.cpp(210): warning C4244: “参数”: 从“double”转换到“int”，可能丢失数据
     1>d:\用户目录\我的文档\visual studio 2010\projects\centerstar\centerstar\m_p_add.cpp(210): warning C4244: “参数”: 从“double”转换到“int”，可能丢失数据
     1>d:\用户目录\我的文档\visual studio 2010\projects\centerstar\centerstar\m_p_add.cpp(210): warning C4244: “参数”: 从“double”转换到“int”，可能丢失数据
     1>d:\用户目录\我的文档\visual studio 2010\projects\centerstar\centerstar\m_p_add.cpp(210): warning C4244: “参数”: 从“double”转换到“int”，可能丢失数据
     1>d:\用户目录\我的文档\visual studio 2010\projects\centerstar\centerstar\m_p_add.cpp(233): warning C4244: “参数”: 从“double”转换到“int”，可能丢失数据
     1>d:\用户目录\我的文档\visual studio 2010\projects\centerstar\centerstar\m_p_add.cpp(233): warning C4244: “参数”: 从“double”转换到“int”，可能丢失数据
     1>d:\用户目录\我的文档\visual studio 2010\projects\centerstar\centerstar\m_p_add.cpp(233): warning C4244: “参数”: 从“double”转换到“int”，可能丢失数据
     1>d:\用户目录\我的文档\visual studio 2010\projects\centerstar\centerstar\m_p_add.cpp(233): warning C4244: “参数”: 从“double”转换到“int”，可能丢失数据
     1>d:\用户目录\我的文档\visual studio 2010\projects\centerstar\centerstar\m_p_add.cpp(254): warning C4244: “参数”: 从“double”转换到“int”，可能丢失数据
     1>d:\用户目录\我的文档\visual studio 2010\projects\centerstar\centerstar\m_p_add.cpp(254): warning C4244: “参数”: 从“double”转换到“int”，可能丢失数据
     1>d:\用户目录\我的文档\visual studio 2010\projects\centerstar\centerstar\m_p_add.cpp(254): warning C4244: “参数”: 从“double”转换到“int”，可能丢失数据
     1>d:\用户目录\我的文档\visual studio 2010\projects\centerstar\centerstar\m_p_add.cpp(254): warning C4244: “参数”: 从“double”转换到“int”，可能丢失数据
     1>d:\用户目录\我的文档\visual studio 2010\projects\centerstar\centerstar\m_p_add.cpp(285): warning C4244: “参数”: 从“double”转换到“int”，可能丢失数据
     1>d:\用户目录\我的文档\visual studio 2010\projects\centerstar\centerstar\m_p_add.cpp(285): warning C4244: “参数”: 从“double”转换到“int”，可能丢失数据
     1>d:\用户目录\我的文档\visual studio 2010\projects\centerstar\centerstar\m_p_add.cpp(285): warning C4244: “参数”: 从“double”转换到“int”，可能丢失数据
     1>d:\用户目录\我的文档\visual studio 2010\projects\centerstar\centerstar\m_p_add.cpp(285): warning C4244: “参数”: 从“double”转换到“int”，可能丢失数据
     1>d:\用户目录\我的文档\visual studio 2010\projects\centerstar\centerstar\m_p_add.cpp(311): warning C4244: “参数”: 从“double”转换到“int”，可能丢失数据
     1>d:\用户目录\我的文档\visual studio 2010\projects\centerstar\centerstar\m_p_add.cpp(311): warning C4244: “参数”: 从“double”转换到“int”，可能丢失数据
     1>d:\用户目录\我的文档\visual studio 2010\projects\centerstar\centerstar\m_p_add.cpp(311): warning C4244: “参数”: 从“double”转换到“int”，可能丢失数据
     1>d:\用户目录\我的文档\visual studio 2010\projects\centerstar\centerstar\m_p_add.cpp(311): warning C4244: “参数”: 从“double”转换到“int”，可能丢失数据
     1>d:\用户目录\我的文档\visual studio 2010\projects\centerstar\centerstar\m_p_add.cpp(337): warning C4244: “参数”: 从“double”转换到“int”，可能丢失数据
     1>d:\用户目录\我的文档\visual studio 2010\projects\centerstar\centerstar\m_p_add.cpp(337): warning C4244: “参数”: 从“double”转换到“int”，可能丢失数据
     1>d:\用户目录\我的文档\visual studio 2010\projects\centerstar\centerstar\m_p_add.cpp(337): warning C4244: “参数”: 从“double”转换到“int”，可能丢失数据
     1>d:\用户目录\我的文档\visual studio 2010\projects\centerstar\centerstar\m_p_add.cpp(337): warning C4244: “参数”: 从“double”转换到“int”，可能丢失数据
     1>d:\用户目录\我的文档\visual studio 2010\projects\centerstar\centerstar\m_p_add.cpp(359): warning C4244: “参数”: 从“double”转换到“int”，可能丢失数据
     1>d:\用户目录\我的文档\visual studio 2010\projects\centerstar\centerstar\m_p_add.cpp(359): warning C4244: “参数”: 从“double”转换到“int”，可能丢失数据
     1>d:\用户目录\我的文档\visual studio 2010\projects\centerstar\centerstar\m_p_add.cpp(359): warning C4244: “参数”: 从“double”转换到“int”，可能丢失数据
     1>d:\用户目录\我的文档\visual studio 2010\projects\centerstar\centerstar\m_p_add.cpp(359): warning C4244: “参数”: 从“double”转换到“int”，可能丢失数据
     1>d:\用户目录\我的文档\visual studio 2010\projects\centerstar\centerstar\m_p_add.cpp(401): warning C4101: “ch2”: 未引用的局部变量
         M_O_detail.cpp
         M_O_add.cpp
         M_I_io.cpp
         M_I_history.cpp
         M_I_detail.cpp
     1>d:\用户目录\我的文档\visual studio 2010\projects\centerstar\centerstar\m_i_detail.cpp(584): warning C4244: “参数”: 从“double”转换到“INT”，可能丢失数据
     1>d:\用户目录\我的文档\visual studio 2010\projects\centerstar\centerstar\m_i_detail.cpp(586): warning C4244: “参数”: 从“double”转换到“INT”，可能丢失数据
     1>d:\用户目录\我的文档\visual studio 2010\projects\centerstar\centerstar\m_i_detail.cpp(594): warning C4244: “参数”: 从“int”转换到“Gdiplus::REAL”，可能丢失数据
     1>d:\用户目录\我的文档\visual studio 2010\projects\centerstar\centerstar\m_i_detail.cpp(596): warning C4244: “参数”: 从“double”转换到“Gdiplus::REAL”，可能丢失数据
     1>d:\用户目录\我的文档\visual studio 2010\projects\centerstar\centerstar\m_i_detail.cpp(596): warning C4244: “参数”: 从“int”转换到“Gdiplus::REAL”，可能丢失数据
     1>d:\用户目录\我的文档\visual studio 2010\projects\centerstar\centerstar\m_i_detail.cpp(604): warning C4244: “参数”: 从“int”转换到“Gdiplus::REAL”，可能丢失数据
     1>d:\用户目录\我的文档\visual studio 2010\projects\centerstar\centerstar\m_i_detail.cpp(606): warning C4244: “参数”: 从“double”转换到“Gdiplus::REAL”，可能丢失数据
     1>d:\用户目录\我的文档\visual studio 2010\projects\centerstar\centerstar\m_i_detail.cpp(606): warning C4244: “参数”: 从“int”转换到“Gdiplus::REAL”，可能丢失数据
     1>d:\用户目录\我的文档\visual studio 2010\projects\centerstar\centerstar\m_i_detail.cpp(616): warning C4244: “参数”: 从“double”转换到“INT”，可能丢失数据
     1>d:\用户目录\我的文档\visual studio 2010\projects\centerstar\centerstar\m_i_detail.cpp(616): warning C4244: “参数”: 从“float”转换到“INT”，可能丢失数据
     1>d:\用户目录\我的文档\visual studio 2010\projects\centerstar\centerstar\m_i_detail.cpp(618): warning C4244: “参数”: 从“double”转换到“INT”，可能丢失数据
     1>d:\用户目录\我的文档\visual studio 2010\projects\centerstar\centerstar\m_i_detail.cpp(618): warning C4244: “参数”: 从“float”转换到“INT”，可能丢失数据
     1>d:\用户目录\我的文档\visual studio 2010\projects\centerstar\centerstar\m_i_detail.cpp(628): warning C4244: “参数”: 从“double”转换到“Gdiplus::REAL”，可能丢失数据
     1>d:\用户目录\我的文档\visual studio 2010\projects\centerstar\centerstar\m_i_detail.cpp(638): warning C4244: “参数”: 从“double”转换到“Gdiplus::REAL”，可能丢失数据
     1>d:\用户目录\我的文档\visual studio 2010\projects\centerstar\centerstar\m_i_detail.cpp(886): warning C4244: “参数”: 从“double”转换到“Gdiplus::REAL”，可能丢失数据
     1>d:\用户目录\我的文档\visual studio 2010\projects\centerstar\centerstar\m_i_detail.cpp(886): warning C4244: “参数”: 从“int”转换到“Gdiplus::REAL”，可能丢失数据
     1>d:\用户目录\我的文档\visual studio 2010\projects\centerstar\centerstar\m_i_detail.cpp(888): warning C4244: “=”: 从“double”转换到“int”，可能丢失数据
     1>d:\用户目录\我的文档\visual studio 2010\projects\centerstar\centerstar\m_i_detail.cpp(898): warning C4244: “参数”: 从“double”转换到“Gdiplus::REAL”，可能丢失数据
     1>d:\用户目录\我的文档\visual studio 2010\projects\centerstar\centerstar\m_i_detail.cpp(898): warning C4244: “参数”: 从“int”转换到“Gdiplus::REAL”，可能丢失数据
     1>d:\用户目录\我的文档\visual studio 2010\projects\centerstar\centerstar\m_i_detail.cpp(900): warning C4244: “=”: 从“double”转换到“int”，可能丢失数据
     1>d:\用户目录\我的文档\visual studio 2010\projects\centerstar\centerstar\m_i_detail.cpp(919): warning C4244: “参数”: 从“double”转换到“Gdiplus::REAL”，可能丢失数据
     1>d:\用户目录\我的文档\visual studio 2010\projects\centerstar\centerstar\m_i_detail.cpp(919): warning C4244: “参数”: 从“int”转换到“Gdiplus::REAL”，可能丢失数据
     1>d:\用户目录\我的文档\visual studio 2010\projects\centerstar\centerstar\m_i_detail.cpp(921): warning C4244: “=”: 从“double”转换到“int”，可能丢失数据
     1>d:\用户目录\我的文档\visual studio 2010\projects\centerstar\centerstar\m_i_detail.cpp(931): warning C4244: “参数”: 从“double”转换到“Gdiplus::REAL”，可能丢失数据
     1>d:\用户目录\我的文档\visual studio 2010\projects\centerstar\centerstar\m_i_detail.cpp(931): warning C4244: “参数”: 从“int”转换到“Gdiplus::REAL”，可能丢失数据
     1>d:\用户目录\我的文档\visual studio 2010\projects\centerstar\centerstar\m_i_detail.cpp(933): warning C4244: “=”: 从“double”转换到“int”，可能丢失数据
     1>d:\用户目录\我的文档\visual studio 2010\projects\centerstar\centerstar\m_i_detail.cpp(1056): warning C4244: “参数”: 从“double”转换到“Gdiplus::REAL”，可能丢失数据
     1>d:\用户目录\我的文档\visual studio 2010\projects\centerstar\centerstar\m_i_detail.cpp(1056): warning C4244: “参数”: 从“int”转换到“Gdiplus::REAL”，可能丢失数据
     1>d:\用户目录\我的文档\visual studio 2010\projects\centerstar\centerstar\m_i_detail.cpp(1058): warning C4244: “参数”: 从“double”转换到“Gdiplus::REAL”，可能丢失数据
     1>d:\用户目录\我的文档\visual studio 2010\projects\centerstar\centerstar\m_i_detail.cpp(1058): warning C4244: “参数”: 从“int”转换到“Gdiplus::REAL”，可能丢失数据
     1>d:\用户目录\我的文档\visual studio 2010\projects\centerstar\centerstar\m_i_detail.cpp(1060): warning C4244: “=”: 从“double”转换到“int”，可能丢失数据
     1>d:\用户目录\我的文档\visual studio 2010\projects\centerstar\centerstar\m_i_detail.cpp(1133): warning C4244: “参数”: 从“double”转换到“Gdiplus::REAL”，可能丢失数据
     1>d:\用户目录\我的文档\visual studio 2010\projects\centerstar\centerstar\m_i_detail.cpp(1133): warning C4244: “参数”: 从“int”转换到“Gdiplus::REAL”，可能丢失数据
     1>d:\用户目录\我的文档\visual studio 2010\projects\centerstar\centerstar\m_i_detail.cpp(1135): warning C4244: “参数”: 从“double”转换到“Gdiplus::REAL”，可能丢失数据
     1>d:\用户目录\我的文档\visual studio 2010\projects\centerstar\centerstar\m_i_detail.cpp(1135): warning C4244: “参数”: 从“int”转换到“Gdiplus::REAL”，可能丢失数据
     1>d:\用户目录\我的文档\visual studio 2010\projects\centerstar\centerstar\m_i_detail.cpp(1137): warning C4244: “=”: 从“double”转换到“int”，可能丢失数据
     1>d:\用户目录\我的文档\visual studio 2010\projects\centerstar\centerstar\m_i_detail.cpp(1727): warning C4996: 'strcpy': This function or variable may be unsafe. Consider using strcpy_s instead. To disable deprecation, use _CRT_SECURE_NO_WARNINGS. See online help for details.
                 c:\program files (x86)\microsoft visual studio 10.0\vc\include\string.h(105) : 参见“strcpy”的声明
     1>d:\用户目录\我的文档\visual studio 2010\projects\centerstar\centerstar\m_i_detail.cpp(1733): warning C4996: 'strcpy': This function or variable may be unsafe. Consider using strcpy_s instead. To disable deprecation, use _CRT_SECURE_NO_WARNINGS. See online help for details.
                 c:\program files (x86)\microsoft visual studio 10.0\vc\include\string.h(105) : 参见“strcpy”的声明
     1>d:\用户目录\我的文档\visual studio 2010\projects\centerstar\centerstar\m_i_detail.cpp(1747): warning C4996: 'strcpy': This function or variable may be unsafe. Consider using strcpy_s instead. To disable deprecation, use _CRT_SECURE_NO_WARNINGS. See online help for details.
                 c:\program files (x86)\microsoft visual studio 10.0\vc\include\string.h(105) : 参见“strcpy”的声明
     1>d:\用户目录\我的文档\visual studio 2010\projects\centerstar\centerstar\m_i_detail.cpp(1784): warning C4996: 'strcpy': This function or variable may be unsafe. Consider using strcpy_s instead. To disable deprecation, use _CRT_SECURE_NO_WARNINGS. See online help for details.
                 c:\program files (x86)\microsoft visual studio 10.0\vc\include\string.h(105) : 参见“strcpy”的声明
     1>d:\用户目录\我的文档\visual studio 2010\projects\centerstar\centerstar\m_i_detail.cpp(1819): warning C4996: 'strcpy': This function or variable may be unsafe. Consider using strcpy_s instead. To disable deprecation, use _CRT_SECURE_NO_WARNINGS. See online help for details.
                 c:\program files (x86)\microsoft visual studio 10.0\vc\include\string.h(105) : 参见“strcpy”的声明
     1>d:\用户目录\我的文档\visual studio 2010\projects\centerstar\centerstar\m_i_detail.cpp(1843): warning C4996: 'strcpy': This function or variable may be unsafe. Consider using strcpy_s instead. To disable deprecation, use _CRT_SECURE_NO_WARNINGS. See online help for details.
                 c:\program files (x86)\microsoft visual studio 10.0\vc\include\string.h(105) : 参见“strcpy”的声明
     1>d:\用户目录\我的文档\visual studio 2010\projects\centerstar\centerstar\m_i_detail.cpp(1879): warning C4996: 'strcpy': This function or variable may be unsafe. Consider using strcpy_s instead. To disable deprecation, use _CRT_SECURE_NO_WARNINGS. See online help for details.
                 c:\program files (x86)\microsoft visual studio 10.0\vc\include\string.h(105) : 参见“strcpy”的声明
         M_C_detail.cpp
     1>d:\用户目录\我的文档\visual studio 2010\projects\centerstar\centerstar\m_c_detail.cpp(114): warning C4101: “string”: 未引用的局部变量
         M_C_add.cpp
         MyListCtrl.cpp
     1>d:\用户目录\我的文档\visual studio 2010\projects\centerstar\centerstar\mylistctrl.cpp(47): warning C4101: “lvcprev”: 未引用的局部变量
         Inventory.cpp
     1>d:\用户目录\我的文档\visual studio 2010\projects\centerstar\centerstar\inventory.cpp(56): warning C4244: “=”: 从“double”转换到“int”，可能丢失数据
     1>d:\用户目录\我的文档\visual studio 2010\projects\centerstar\centerstar\inventory.cpp(58): warning C4244: “=”: 从“double”转换到“int”，可能丢失数据
     1>d:\用户目录\我的文档\visual studio 2010\projects\centerstar\centerstar\inventory.cpp(95): warning C4244: “=”: 从“double”转换到“int”，可能丢失数据
     1>d:\用户目录\我的文档\visual studio 2010\projects\centerstar\centerstar\inventory.cpp(97): warning C4244: “=”: 从“double”转换到“int”，可能丢失数据
     1>d:\用户目录\我的文档\visual studio 2010\projects\centerstar\centerstar\inventory.cpp(131): warning C4244: “=”: 从“double”转换到“int”，可能丢失数据
     1>d:\用户目录\我的文档\visual studio 2010\projects\centerstar\centerstar\inventory.cpp(133): warning C4244: “=”: 从“double”转换到“int”，可能丢失数据
         history.cpp
     1>d:\用户目录\我的文档\visual studio 2010\projects\centerstar\centerstar\history.cpp(46): warning C4244: “=”: 从“double”转换到“int”，可能丢失数据
     1>d:\用户目录\我的文档\visual studio 2010\projects\centerstar\centerstar\history.cpp(51): warning C4244: “=”: 从“double”转换到“int”，可能丢失数据
         DLEdit.cpp
         Database.cpp
     1>d:\用户目录\我的文档\visual studio 2010\projects\centerstar\centerstar\database.cpp(8): warning C4996: 'fopen': This function or variable may be unsafe. Consider using fopen_s instead. To disable deprecation, use _CRT_SECURE_NO_WARNINGS. See online help for details.
                 c:\program files (x86)\microsoft visual studio 10.0\vc\include\stdio.h(234) : 参见“fopen”的声明
     1>d:\用户目录\我的文档\visual studio 2010\projects\centerstar\centerstar\database.cpp(11): warning C4996: 'fscanf': This function or variable may be unsafe. Consider using fscanf_s instead. To disable deprecation, use _CRT_SECURE_NO_WARNINGS. See online help for details.
                 c:\program files (x86)\microsoft visual studio 10.0\vc\include\stdio.h(253) : 参见“fscanf”的声明
         Customer.cpp
         CenterStarDlg.cpp
     1>d:\用户目录\我的文档\visual studio 2010\projects\centerstar\centerstar\centerstardlg.cpp(254): warning C4244: “参数”: 从“double”转换到“int”，可能丢失数据
     1>d:\用户目录\我的文档\visual studio 2010\projects\centerstar\centerstar\centerstardlg.cpp(254): warning C4244: “参数”: 从“double”转换到“int”，可能丢失数据
     1>d:\用户目录\我的文档\visual studio 2010\projects\centerstar\centerstar\centerstardlg.cpp(256): warning C4244: “参数”: 从“double”转换到“INT”，可能丢失数据
     1>d:\用户目录\我的文档\visual studio 2010\projects\centerstar\centerstar\centerstardlg.cpp(256): warning C4244: “参数”: 从“double”转换到“INT”，可能丢失数据
     1>d:\用户目录\我的文档\visual studio 2010\projects\centerstar\centerstar\centerstardlg.cpp(257): warning C4244: “参数”: 从“double”转换到“INT”，可能丢失数据
     1>d:\用户目录\我的文档\visual studio 2010\projects\centerstar\centerstar\centerstardlg.cpp(266): warning C4244: “参数”: 从“double”转换到“int”，可能丢失数据
     1>d:\用户目录\我的文档\visual studio 2010\projects\centerstar\centerstar\centerstardlg.cpp(267): warning C4244: “参数”: 从“double”转换到“int”，可能丢失数据
     1>d:\用户目录\我的文档\visual studio 2010\projects\centerstar\centerstar\centerstardlg.cpp(267): warning C4244: “参数”: 从“double”转换到“int”，可能丢失数据
     1>d:\用户目录\我的文档\visual studio 2010\projects\centerstar\centerstar\centerstardlg.cpp(269): warning C4244: “参数”: 从“double”转换到“INT”，可能丢失数据
     1>d:\用户目录\我的文档\visual studio 2010\projects\centerstar\centerstar\centerstardlg.cpp(269): warning C4244: “参数”: 从“double”转换到“INT”，可能丢失数据
     1>d:\用户目录\我的文档\visual studio 2010\projects\centerstar\centerstar\centerstardlg.cpp(270): warning C4244: “参数”: 从“double”转换到“INT”，可能丢失数据
     1>d:\用户目录\我的文档\visual studio 2010\projects\centerstar\centerstar\centerstardlg.cpp(281): warning C4244: “参数”: 从“LONG”转换到“Gdiplus::REAL”，可能丢失数据
     1>d:\用户目录\我的文档\visual studio 2010\projects\centerstar\centerstar\centerstardlg.cpp(281): warning C4244: “参数”: 从“LONG”转换到“Gdiplus::REAL”，可能丢失数据
     1>d:\用户目录\我的文档\visual studio 2010\projects\centerstar\centerstar\centerstardlg.cpp(281): warning C4244: “参数”: 从“LONG”转换到“Gdiplus::REAL”，可能丢失数据
     1>d:\用户目录\我的文档\visual studio 2010\projects\centerstar\centerstar\centerstardlg.cpp(281): warning C4244: “参数”: 从“LONG”转换到“Gdiplus::REAL”，可能丢失数据
     1>d:\用户目录\我的文档\visual studio 2010\projects\centerstar\centerstar\centerstardlg.cpp(318): warning C4244: “参数”: 从“LONG”转换到“Gdiplus::REAL”，可能丢失数据
     1>d:\用户目录\我的文档\visual studio 2010\projects\centerstar\centerstar\centerstardlg.cpp(318): warning C4244: “参数”: 从“LONG”转换到“Gdiplus::REAL”，可能丢失数据
     1>d:\用户目录\我的文档\visual studio 2010\projects\centerstar\centerstar\centerstardlg.cpp(318): warning C4244: “参数”: 从“LONG”转换到“Gdiplus::REAL”，可能丢失数据
     1>d:\用户目录\我的文档\visual studio 2010\projects\centerstar\centerstar\centerstardlg.cpp(318): warning C4244: “参数”: 从“LONG”转换到“Gdiplus::REAL”，可能丢失数据
         CenterStar.cpp
         正在生成代码...
       ResourceCompile:
         C:\Program Files (x86)\Microsoft SDKs\Windows\v7.0A\bin\rc.exe /D _DEBUG /l"0x0804" /IDebug\ /nologo /fo"Debug\CenterStar.res" CenterStar.rc 
       ManifestResourceCompile:
         C:\Program Files (x86)\Microsoft SDKs\Windows\v7.0A\bin\rc.exe /nologo /fo"Debug\CenterStar.exe.embed.manifest.res" Debug\CenterStar_manifest.rc 
       Link:
         C:\Program Files (x86)\Microsoft Visual Studio 10.0\VC\bin\link.exe /ERRORREPORT:PROMPT /OUT:"d:\用户目录\我的文档\visual studio 2010\Projects\CenterStar\Debug\CenterStar.exe" /INCREMENTAL /NOLOGO /LIBPATH:"C:\Program Files (x86)\MySQL\MySQL Server 5.5\lib" libmysql.lib /MANIFEST /ManifestFile:"Debug\CenterStar.exe.intermediate.manifest" /MANIFESTUAC:"level='asInvoker' uiAccess='false'" /DEBUG /PDB:"d:\用户目录\我的文档\visual studio 2010\Projects\CenterStar\Debug\CenterStar.pdb" /SUBSYSTEM:WINDOWS /TLBID:1 /DYNAMICBASE /NXCOMPAT /IMPLIB:"d:\用户目录\我的文档\visual studio 2010\Projects\CenterStar\Debug\CenterStar.lib" /MACHINE:X86 Debug\CenterStar.res
         Debug\CenterStar.exe.embed.manifest.res
         Debug\CenterStar.obj
         Debug\CenterStarDlg.obj
         Debug\Customer.obj
         Debug\Database.obj
         Debug\DLEdit.obj
         Debug\history.obj
         Debug\Inventory.obj
         Debug\MyListCtrl.obj
         Debug\M_C_add.obj
         Debug\M_C_detail.obj
         Debug\M_I_detail.obj
         Debug\M_I_history.obj
         Debug\M_I_io.obj
         Debug\M_O_add.obj
         Debug\M_O_detail.obj
         Debug\M_P_add.obj
         Debug\M_P_detail.obj
         Debug\Order.obj
         Debug\Product.obj
         Debug\SkinHeaderCtrl.obj
         Debug\stdafx.obj
       Manifest:
         正在删除文件“Debug\CenterStar.exe.embed.manifest”。
         C:\Program Files (x86)\Microsoft SDKs\Windows\v7.0A\bin\mt.exe /nologo /verbose /out:"Debug\CenterStar.exe.embed.manifest" /manifest Debug\CenterStar.exe.intermediate.manifest "C:\Program Files (x86)\Microsoft Visual Studio 10.0\VC\Include\Manifest\dpiaware.manifest"
         C:\Program Files (x86)\Microsoft SDKs\Windows\v7.0A\bin\rc.exe /nologo /fo"Debug\CenterStar.exe.embed.manifest.res" Debug\CenterStar_manifest.rc 
       LinkEmbedManifest:
         C:\Program Files (x86)\Microsoft Visual Studio 10.0\VC\bin\link.exe /ERRORREPORT:PROMPT /OUT:"d:\用户目录\我的文档\visual studio 2010\Projects\CenterStar\Debug\CenterStar.exe" /INCREMENTAL /NOLOGO /LIBPATH:"C:\Program Files (x86)\MySQL\MySQL Server 5.5\lib" libmysql.lib /MANIFEST /ManifestFile:"Debug\CenterStar.exe.intermediate.manifest" /MANIFESTUAC:"level='asInvoker' uiAccess='false'" /DEBUG /PDB:"d:\用户目录\我的文档\visual studio 2010\Projects\CenterStar\Debug\CenterStar.pdb" /SUBSYSTEM:WINDOWS /TLBID:1 /DYNAMICBASE /NXCOMPAT /IMPLIB:"d:\用户目录\我的文档\visual studio 2010\Projects\CenterStar\Debug\CenterStar.lib" /MACHINE:X86 Debug\CenterStar.res
         Debug\CenterStar.exe.embed.manifest.res
         Debug\CenterStar.obj
         Debug\CenterStarDlg.obj
         Debug\Customer.obj
         Debug\Database.obj
         Debug\DLEdit.obj
         Debug\history.obj
         Debug\Inventory.obj
         Debug\MyListCtrl.obj
         Debug\M_C_add.obj
         Debug\M_C_detail.obj
         Debug\M_I_detail.obj
         Debug\M_I_history.obj
         Debug\M_I_io.obj
         Debug\M_O_add.obj
         Debug\M_O_detail.obj
         Debug\M_P_add.obj
         Debug\M_P_detail.obj
         Debug\Order.obj
         Debug\Product.obj
         Debug\SkinHeaderCtrl.obj
         Debug\stdafx.obj
         CenterStar.vcxproj -> d:\用户目录\我的文档\visual studio 2010\Projects\CenterStar\Debug\CenterStar.exe
       FinalizeBuildStatus:
         正在删除文件“Debug\CenterStar.unsuccessfulbuild”。
         正在对“Debug\CenterStar.lastbuildstate”执行 Touch 任务。
     1>已完成生成项目“d:\用户目录\我的文档\visual studio 2010\Projects\CenterStar\CenterStar\CenterStar.vcxproj”(rebuild 个目标)的操作。

生成成功。

已用时间 00:00:07.34
