D:\用户目录\我的文档\VISUAL STUDIO 2010\PROJECTS\CENTERSTAR\CENTERSTAR\RELEASE\CENTERSTAR.EXE.INTERMEDIATE.MANIFEST
D:\用户目录\我的文档\VISUAL STUDIO 2010\PROJECTS\CENTERSTAR\CENTERSTAR\RELEASE\CENTERSTAR.OBJ
D:\用户目录\我的文档\VISUAL STUDIO 2010\PROJECTS\CENTERSTAR\CENTERSTAR\RELEASE\CENTERSTAR.PCH
D:\用户目录\我的文档\VISUAL STUDIO 2010\PROJECTS\CENTERSTAR\CENTERSTAR\RELEASE\CENTERSTAR.RES
d:\用户目录\我的文档\visual studio 2010\Projects\CenterStar\CenterStar\Release\CenterStar.write.1.tlog
D:\用户目录\我的文档\VISUAL STUDIO 2010\PROJECTS\CENTERSTAR\CENTERSTAR\RELEASE\CENTERSTARDLG.OBJ
d:\用户目录\我的文档\visual studio 2010\Projects\CenterStar\CenterStar\Release\cl.command.1.tlog
d:\用户目录\我的文档\visual studio 2010\Projects\CenterStar\CenterStar\Release\CL.read.1.tlog
d:\用户目录\我的文档\visual studio 2010\Projects\CenterStar\CenterStar\Release\CL.write.1.tlog
D:\用户目录\我的文档\VISUAL STUDIO 2010\PROJECTS\CENTERSTAR\CENTERSTAR\RELEASE\CUSTOMER.OBJ
D:\用户目录\我的文档\VISUAL STUDIO 2010\PROJECTS\CENTERSTAR\CENTERSTAR\RELEASE\DATABASE.OBJ
D:\用户目录\我的文档\VISUAL STUDIO 2010\PROJECTS\CENTERSTAR\CENTERSTAR\RELEASE\DLEDIT.OBJ
D:\用户目录\我的文档\VISUAL STUDIO 2010\PROJECTS\CENTERSTAR\CENTERSTAR\RELEASE\HISTORY.OBJ
D:\用户目录\我的文档\VISUAL STUDIO 2010\PROJECTS\CENTERSTAR\CENTERSTAR\RELEASE\INVENTORY.OBJ
d:\用户目录\我的文档\visual studio 2010\Projects\CenterStar\CenterStar\Release\link.command.1.tlog
d:\用户目录\我的文档\visual studio 2010\Projects\CenterStar\CenterStar\Release\link.read.1.tlog
d:\用户目录\我的文档\visual studio 2010\Projects\CenterStar\CenterStar\Release\link.write.1.tlog
d:\用户目录\我的文档\visual studio 2010\Projects\CenterStar\CenterStar\Release\link-cvtres.read.1.tlog
d:\用户目录\我的文档\visual studio 2010\Projects\CenterStar\CenterStar\Release\link-cvtres.write.1.tlog
D:\用户目录\我的文档\VISUAL STUDIO 2010\PROJECTS\CENTERSTAR\CENTERSTAR\RELEASE\M_C_ADD.OBJ
D:\用户目录\我的文档\VISUAL STUDIO 2010\PROJECTS\CENTERSTAR\CENTERSTAR\RELEASE\M_C_DETAIL.OBJ
D:\用户目录\我的文档\VISUAL STUDIO 2010\PROJECTS\CENTERSTAR\CENTERSTAR\RELEASE\M_I_DETAIL.OBJ
D:\用户目录\我的文档\VISUAL STUDIO 2010\PROJECTS\CENTERSTAR\CENTERSTAR\RELEASE\M_I_HISTORY.OBJ
D:\用户目录\我的文档\VISUAL STUDIO 2010\PROJECTS\CENTERSTAR\CENTERSTAR\RELEASE\M_I_IO.OBJ
D:\用户目录\我的文档\VISUAL STUDIO 2010\PROJECTS\CENTERSTAR\CENTERSTAR\RELEASE\M_O_ADD.OBJ
D:\用户目录\我的文档\VISUAL STUDIO 2010\PROJECTS\CENTERSTAR\CENTERSTAR\RELEASE\M_O_DETAIL.OBJ
D:\用户目录\我的文档\VISUAL STUDIO 2010\PROJECTS\CENTERSTAR\CENTERSTAR\RELEASE\M_P_ADD.OBJ
D:\用户目录\我的文档\VISUAL STUDIO 2010\PROJECTS\CENTERSTAR\CENTERSTAR\RELEASE\M_P_DETAIL.OBJ
d:\用户目录\我的文档\visual studio 2010\Projects\CenterStar\CenterStar\Release\mt.command.1.tlog
d:\用户目录\我的文档\visual studio 2010\Projects\CenterStar\CenterStar\Release\mt.read.1.tlog
d:\用户目录\我的文档\visual studio 2010\Projects\CenterStar\CenterStar\Release\mt.write.1.tlog
D:\用户目录\我的文档\VISUAL STUDIO 2010\PROJECTS\CENTERSTAR\CENTERSTAR\RELEASE\MYLISTCTRL.OBJ
D:\用户目录\我的文档\VISUAL STUDIO 2010\PROJECTS\CENTERSTAR\CENTERSTAR\RELEASE\ORDER.OBJ
D:\用户目录\我的文档\VISUAL STUDIO 2010\PROJECTS\CENTERSTAR\CENTERSTAR\RELEASE\PRODUCT.OBJ
d:\用户目录\我的文档\visual studio 2010\Projects\CenterStar\CenterStar\Release\rc.command.1.tlog
d:\用户目录\我的文档\visual studio 2010\Projects\CenterStar\CenterStar\Release\rc.read.1.tlog
d:\用户目录\我的文档\visual studio 2010\Projects\CenterStar\CenterStar\Release\rc.write.1.tlog
D:\用户目录\我的文档\VISUAL STUDIO 2010\PROJECTS\CENTERSTAR\CENTERSTAR\RELEASE\SKINHEADERCTRL.OBJ
D:\用户目录\我的文档\VISUAL STUDIO 2010\PROJECTS\CENTERSTAR\CENTERSTAR\RELEASE\STDAFX.OBJ
D:\用户目录\我的文档\VISUAL STUDIO 2010\PROJECTS\CENTERSTAR\CENTERSTAR\RELEASE\VC100.PDB
D:\用户目录\我的文档\VISUAL STUDIO 2010\PROJECTS\CENTERSTAR\RELEASE\CENTERSTAR.EXE
D:\用户目录\我的文档\VISUAL STUDIO 2010\PROJECTS\CENTERSTAR\RELEASE\CENTERSTAR.PDB
